  main.cpp
main.obj : error LNK2019: "public: __thiscall sf::String::String(char const *,class std::locale const &)" (??0String@sf@@QAE@PBDABVlocale@std@@@Z)_main 함수에서 참조되는 확인할 수 없는 외부 기호
main.obj : error LNK2019: "public: __thiscall sf::VideoMode::VideoMode(unsigned int,unsigned int,unsigned int)" (??0VideoMode@sf@@QAE@III@Z)_main 함수에서 참조되는 확인할 수 없는 외부 기호
main.obj : error LNK2019: "public: bool __thiscall sf::WindowBase::isOpen(void)const " (?isOpen@WindowBase@sf@@QBE_NXZ)_main 함수에서 참조되는 확인할 수 없는 외부 기호
main.obj : error LNK2019: "public: bool __thiscall sf::WindowBase::pollEvent(class sf::Event &)" (?pollEvent@WindowBase@sf@@QAE_NAAVEvent@2@@Z)_main 함수에서 참조되는 확인할 수 없는 외부 기호
main.obj : error LNK2019: "public: virtual void __thiscall sf::Window::close(void)" (?close@Window@sf@@UAEXXZ)_main 함수에서 참조되는 확인할 수 없는 외부 기호
main.obj : error LNK2019: "public: void __thiscall sf::Window::display(void)" (?display@Window@sf@@QAEXXZ)_main 함수에서 참조되는 확인할 수 없는 외부 기호
main.obj : error LNK2019: "public: virtual __thiscall sf::Transformable::~Transformable(void)" (??1Transformable@sf@@UAE@XZ)"public: virtual __thiscall sf::Text::~Text(void)" (??1Text@sf@@UAE@XZ) 함수에서 참조되는 확인할 수 없는 외부 기호
main.obj : error LNK2019: "public: __thiscall sf::Color::Color(unsigned char,unsigned char,unsigned char,unsigned char)" (??0Color@sf@@QAE@EEEE@Z)_main 함수에서 참조되는 확인할 수 없는 외부 기호
main.obj : error LNK2019: "public: virtual __thiscall sf::Shape::~Shape(void)" (??1Shape@sf@@UAE@XZ)"public: virtual __thiscall sf::CircleShape::~CircleShape(void)" (??1CircleShape@sf@@UAE@XZ) 함수에서 참조되는 확인할 수 없는 외부 기호
main.obj : error LNK2019: "public: void __thiscall sf::Shape::setFillColor(class sf::Color const &)" (?setFillColor@Shape@sf@@QAEXABVColor@2@@Z)_main 함수에서 참조되는 확인할 수 없는 외부 기호
main.obj : error LNK2019: "public: __thiscall sf::CircleShape::CircleShape(float,unsigned int)" (??0CircleShape@sf@@QAE@MI@Z)_main 함수에서 참조되는 확인할 수 없는 외부 기호
main.obj : error LNK2019: "public: __thiscall sf::Font::Font(void)" (??0Font@sf@@QAE@XZ)_main 함수에서 참조되는 확인할 수 없는 외부 기호
main.obj : error LNK2019: "public: __thiscall sf::Font::~Font(void)" (??1Font@sf@@QAE@XZ)_main 함수에서 참조되는 확인할 수 없는 외부 기호
main.obj : error LNK2019: "public: bool __thiscall sf::Font::loadFromFile(class std::basic_string<char,struct std::char_traits<char>,class std::allocator<char> > const &)" (?loadFromFile@Font@sf@@QAE_NABV?$basic_string@DU?$char_traits@D@std@@V?$allocator@D@2@@std@@@Z)_main 함수에서 참조되는 확인할 수 없는 외부 기호
main.obj : error LNK2019: "public: void __thiscall sf::RenderTarget::clear(class sf::Color const &)" (?clear@RenderTarget@sf@@QAEXABVColor@2@@Z)_main 함수에서 참조되는 확인할 수 없는 외부 기호
main.obj : error LNK2019: "public: void __thiscall sf::RenderTarget::draw(class sf::Drawable const &,class sf::RenderStates const &)" (?draw@RenderTarget@sf@@QAEXABVDrawable@2@ABVRenderStates@2@@Z)_main 함수에서 참조되는 확인할 수 없는 외부 기호
main.obj : error LNK2019: "public: __thiscall sf::RenderWindow::RenderWindow(class sf::VideoMode,class sf::String const &,unsigned int,struct sf::ContextSettings const &)" (??0RenderWindow@sf@@QAE@VVideoMode@1@ABVString@1@IABUContextSettings@1@@Z)_main 함수에서 참조되는 확인할 수 없는 외부 기호
main.obj : error LNK2019: "public: virtual __thiscall sf::RenderWindow::~RenderWindow(void)" (??1RenderWindow@sf@@UAE@XZ)_main 함수에서 참조되는 확인할 수 없는 외부 기호
main.obj : error LNK2019: "public: __thiscall sf::Text::Text(void)" (??0Text@sf@@QAE@XZ)_main 함수에서 참조되는 확인할 수 없는 외부 기호
main.obj : error LNK2019: "public: void __thiscall sf::Text::setString(class sf::String const &)" (?setString@Text@sf@@QAEXABVString@2@@Z)_main 함수에서 참조되는 확인할 수 없는 외부 기호
main.obj : error LNK2019: "public: void __thiscall sf::Text::setFont(class sf::Font const &)" (?setFont@Text@sf@@QAEXABVFont@2@@Z)_main 함수에서 참조되는 확인할 수 없는 외부 기호
main.obj : error LNK2019: "public: void __thiscall sf::Text::setCharacterSize(unsigned int)" (?setCharacterSize@Text@sf@@QAEXI@Z)_main 함수에서 참조되는 확인할 수 없는 외부 기호
main.obj : error LNK2019: "public: void __thiscall sf::Text::setFillColor(class sf::Color const &)" (?setFillColor@Text@sf@@QAEXABVColor@2@@Z)_main 함수에서 참조되는 확인할 수 없는 외부 기호
main.obj : error LNK2001: 확인할 수 없는 외부 기호 "public: static class sf::RenderStates const sf::RenderStates::Default" (?Default@RenderStates@sf@@2V12@B)
main.obj : error LNK2001: 확인할 수 없는 외부 기호 "public: static class sf::Color const sf::Color::White" (?White@Color@sf@@2V12@B)
main.obj : error LNK2001: 확인할 수 없는 외부 기호 "public: static class sf::Color const sf::Color::Green" (?Green@Color@sf@@2V12@B)
E:\C++ Games\MyCplusGame\\lib\sfml-graphics-s-d.lib : warning LNK4272: 'x64' 라이브러리 컴퓨터 종류가 'x86' 대상 컴퓨터 종류와 충돌합니다.
E:\C++ Games\MyCplusGame\\lib\sfml-system-s-d.lib : warning LNK4272: 'x64' 라이브러리 컴퓨터 종류가 'x86' 대상 컴퓨터 종류와 충돌합니다.
E:\C++ Games\MyCplusGame\\lib\sfml-window-s-d.lib : warning LNK4272: 'x64' 라이브러리 컴퓨터 종류가 'x86' 대상 컴퓨터 종류와 충돌합니다.
E:\C++ Games\MyCplusGame\\lib\freetype.lib : warning LNK4272: 'x64' 라이브러리 컴퓨터 종류가 'x86' 대상 컴퓨터 종류와 충돌합니다.
E:\C++ Games\MyCplusGame\MyCplusGame\\..\..\Build\Win32Debug\MyCplusGame.exe : fatal error LNK1120: 26개의 확인할 수 없는 외부 참조입니다.
